{"/Users/somtonweke/Desktop/Tenet Data Engineering Take Home/data-technical-assignment/out/src/eventService.js": {"path":"/Users/somtonweke/Desktop/Tenet Data Engineering Take Home/data-technical-assignment/out/src/eventService.js","all":false,"statementMap":{"0":{"start":{"line":1,"column":0},"end":{"line":1,"column":13}},"1":{"start":{"line":2,"column":0},"end":{"line":2,"column":90}},"2":{"start":{"line":3,"column":0},"end":{"line":3,"column":112}},"3":{"start":{"line":4,"column":0},"end":{"line":4,"column":64}},"4":{"start":{"line":5,"column":0},"end":{"line":5,"column":99}},"5":{"start":{"line":6,"column":0},"end":{"line":6,"column":102}},"6":{"start":{"line":7,"column":0},"end":{"line":7,"column":118}},"7":{"start":{"line":8,"column":0},"end":{"line":8,"column":78}},"8":{"start":{"line":9,"column":0},"end":{"line":9,"column":7}},"9":{"start":{"line":10,"column":0},"end":{"line":10,"column":2}},"10":{"start":{"line":11,"column":0},"end":{"line":11,"column":62}},"11":{"start":{"line":12,"column":0},"end":{"line":12,"column":43}},"12":{"start":{"line":13,"column":0},"end":{"line":13,"column":43}},"13":{"start":{"line":14,"column":0},"end":{"line":14,"column":20}},"14":{"start":{"line":15,"column":0},"end":{"line":15,"column":19}},"15":{"start":{"line":16,"column":0},"end":{"line":16,"column":56}},"16":{"start":{"line":17,"column":0},"end":{"line":17,"column":5}},"17":{"start":{"line":18,"column":0},"end":{"line":18,"column":54}},"18":{"start":{"line":19,"column":0},"end":{"line":19,"column":34}},"19":{"start":{"line":20,"column":0},"end":{"line":20,"column":62}},"20":{"start":{"line":21,"column":0},"end":{"line":21,"column":5}},"21":{"start":{"line":22,"column":0},"end":{"line":22,"column":49}},"22":{"start":{"line":23,"column":0},"end":{"line":23,"column":26}},"23":{"start":{"line":24,"column":0},"end":{"line":24,"column":61}},"24":{"start":{"line":25,"column":0},"end":{"line":25,"column":17}},"25":{"start":{"line":26,"column":0},"end":{"line":26,"column":58}},"26":{"start":{"line":27,"column":0},"end":{"line":27,"column":13}},"27":{"start":{"line":28,"column":0},"end":{"line":28,"column":27}},"28":{"start":{"line":29,"column":0},"end":{"line":29,"column":92}},"29":{"start":{"line":30,"column":0},"end":{"line":30,"column":50}},"30":{"start":{"line":31,"column":0},"end":{"line":31,"column":13}},"31":{"start":{"line":32,"column":0},"end":{"line":32,"column":11}},"32":{"start":{"line":33,"column":0},"end":{"line":33,"column":5}},"33":{"start":{"line":34,"column":0},"end":{"line":34,"column":35}},"34":{"start":{"line":35,"column":0},"end":{"line":35,"column":37}},"35":{"start":{"line":36,"column":0},"end":{"line":36,"column":61}},"36":{"start":{"line":37,"column":0},"end":{"line":37,"column":76}},"37":{"start":{"line":38,"column":0},"end":{"line":38,"column":44}},"38":{"start":{"line":39,"column":0},"end":{"line":39,"column":66}},"39":{"start":{"line":40,"column":0},"end":{"line":40,"column":11}},"40":{"start":{"line":41,"column":0},"end":{"line":41,"column":5}},"41":{"start":{"line":42,"column":0},"end":{"line":42,"column":38}},"42":{"start":{"line":43,"column":0},"end":{"line":43,"column":24}},"43":{"start":{"line":44,"column":0},"end":{"line":44,"column":61}},"44":{"start":{"line":45,"column":0},"end":{"line":45,"column":53}},"45":{"start":{"line":46,"column":0},"end":{"line":46,"column":59}},"46":{"start":{"line":47,"column":0},"end":{"line":47,"column":13}},"47":{"start":{"line":48,"column":0},"end":{"line":48,"column":37}},"48":{"start":{"line":49,"column":0},"end":{"line":49,"column":46}},"49":{"start":{"line":50,"column":0},"end":{"line":50,"column":70}},"50":{"start":{"line":51,"column":0},"end":{"line":51,"column":46}},"51":{"start":{"line":52,"column":0},"end":{"line":52,"column":24}},"52":{"start":{"line":53,"column":0},"end":{"line":53,"column":62}},"53":{"start":{"line":54,"column":0},"end":{"line":54,"column":13}},"54":{"start":{"line":55,"column":0},"end":{"line":55,"column":11}},"55":{"start":{"line":56,"column":0},"end":{"line":56,"column":5}},"56":{"start":{"line":57,"column":0},"end":{"line":57,"column":1}},"57":{"start":{"line":58,"column":0},"end":{"line":58,"column":31}}},"s":{"0":1,"1":1,"2":6,"3":6,"4":6,"5":6,"6":6,"7":6,"8":6,"9":6,"10":1,"11":1,"12":1,"13":1,"14":1,"15":4,"16":1,"17":1,"18":1,"19":4,"20":4,"21":1,"22":1,"23":1,"24":1,"25":1,"26":0,"27":1,"28":1,"29":1,"30":1,"31":1,"32":1,"33":1,"34":1,"35":1,"36":1,"37":1,"38":0,"39":1,"40":1,"41":1,"42":1,"43":4,"44":4,"45":1,"46":1,"47":3,"48":4,"49":1,"50":4,"51":4,"52":2,"53":4,"54":4,"55":4,"56":1,"57":1},"branchMap":{"0":{"type":"branch","line":2,"loc":{"start":{"line":2,"column":44},"end":{"line":10,"column":2}},"locations":[{"start":{"line":2,"column":44},"end":{"line":10,"column":2}}]},"1":{"type":"branch","line":3,"loc":{"start":{"line":3,"column":4},"end":{"line":3,"column":112}},"locations":[{"start":{"line":3,"column":4},"end":{"line":3,"column":112}}]},"2":{"type":"branch","line":3,"loc":{"start":{"line":3,"column":53},"end":{"line":3,"column":61}},"locations":[{"start":{"line":3,"column":53},"end":{"line":3,"column":61}}]},"3":{"type":"branch","line":3,"loc":{"start":{"line":3,"column":61},"end":{"line":3,"column":109}},"locations":[{"start":{"line":3,"column":61},"end":{"line":3,"column":109}}]},"4":{"type":"branch","line":3,"loc":{"start":{"line":3,"column":70},"end":{"line":3,"column":108}},"locations":[{"start":{"line":3,"column":70},"end":{"line":3,"column":108}}]},"5":{"type":"branch","line":4,"loc":{"start":{"line":4,"column":36},"end":{"line":9,"column":5}},"locations":[{"start":{"line":4,"column":36},"end":{"line":9,"column":5}}]},"6":{"type":"branch","line":6,"loc":{"start":{"line":6,"column":8},"end":{"line":6,"column":102}},"locations":[{"start":{"line":6,"column":8},"end":{"line":6,"column":102}}]},"7":{"type":"branch","line":7,"loc":{"start":{"line":7,"column":8},"end":{"line":7,"column":118}},"locations":[{"start":{"line":7,"column":8},"end":{"line":7,"column":118}}]},"8":{"type":"branch","line":7,"loc":{"start":{"line":7,"column":43},"end":{"line":7,"column":67}},"locations":[{"start":{"line":7,"column":43},"end":{"line":7,"column":67}}]},"9":{"type":"branch","line":15,"loc":{"start":{"line":15,"column":4},"end":{"line":16,"column":56}},"locations":[{"start":{"line":15,"column":4},"end":{"line":16,"column":56}}]},"10":{"type":"branch","line":19,"loc":{"start":{"line":19,"column":4},"end":{"line":21,"column":5}},"locations":[{"start":{"line":19,"column":4},"end":{"line":21,"column":5}}]},"11":{"type":"branch","line":20,"loc":{"start":{"line":20,"column":29},"end":{"line":20,"column":44}},"locations":[{"start":{"line":20,"column":29},"end":{"line":20,"column":44}}]},"12":{"type":"branch","line":20,"loc":{"start":{"line":20,"column":44},"end":{"line":20,"column":61}},"locations":[{"start":{"line":20,"column":44},"end":{"line":20,"column":61}}]},"13":{"type":"branch","line":23,"loc":{"start":{"line":23,"column":4},"end":{"line":33,"column":5}},"locations":[{"start":{"line":23,"column":4},"end":{"line":33,"column":5}}]},"14":{"type":"branch","line":24,"loc":{"start":{"line":24,"column":47},"end":{"line":32,"column":9}},"locations":[{"start":{"line":24,"column":47},"end":{"line":32,"column":9}}]},"15":{"type":"branch","line":26,"loc":{"start":{"line":26,"column":57},"end":{"line":27,"column":13}},"locations":[{"start":{"line":26,"column":57},"end":{"line":27,"column":13}}]},"16":{"type":"branch","line":35,"loc":{"start":{"line":35,"column":4},"end":{"line":41,"column":5}},"locations":[{"start":{"line":35,"column":4},"end":{"line":41,"column":5}}]},"17":{"type":"branch","line":36,"loc":{"start":{"line":36,"column":47},"end":{"line":40,"column":9}},"locations":[{"start":{"line":36,"column":47},"end":{"line":40,"column":9}}]},"18":{"type":"branch","line":38,"loc":{"start":{"line":38,"column":43},"end":{"line":40,"column":9}},"locations":[{"start":{"line":38,"column":43},"end":{"line":40,"column":9}}]},"19":{"type":"branch","line":43,"loc":{"start":{"line":43,"column":4},"end":{"line":56,"column":5}},"locations":[{"start":{"line":43,"column":4},"end":{"line":56,"column":5}}]},"20":{"type":"branch","line":44,"loc":{"start":{"line":44,"column":47},"end":{"line":55,"column":9}},"locations":[{"start":{"line":44,"column":47},"end":{"line":55,"column":9}}]},"21":{"type":"branch","line":45,"loc":{"start":{"line":45,"column":52},"end":{"line":47,"column":13}},"locations":[{"start":{"line":45,"column":52},"end":{"line":47,"column":13}}]},"22":{"type":"branch","line":47,"loc":{"start":{"line":47,"column":12},"end":{"line":49,"column":21}},"locations":[{"start":{"line":47,"column":12},"end":{"line":49,"column":21}}]},"23":{"type":"branch","line":49,"loc":{"start":{"line":49,"column":16},"end":{"line":50,"column":70}},"locations":[{"start":{"line":49,"column":16},"end":{"line":50,"column":70}}]},"24":{"type":"branch","line":52,"loc":{"start":{"line":52,"column":16},"end":{"line":53,"column":62}},"locations":[{"start":{"line":52,"column":16},"end":{"line":53,"column":62}}]}},"b":{"0":[6],"1":[3],"2":[2],"3":[1],"4":[1],"5":[6],"6":[3],"7":[3],"8":[0],"9":[4],"10":[4],"11":[3],"12":[3],"13":[1],"14":[1],"15":[0],"16":[1],"17":[1],"18":[0],"19":[4],"20":[4],"21":[1],"22":[3],"23":[1],"24":[2]},"fnMap":{"0":{"name":"Object.<anonymous>.__awaiter","decl":{"start":{"line":2,"column":44},"end":{"line":10,"column":2}},"loc":{"start":{"line":2,"column":44},"end":{"line":10,"column":2}},"line":2},"1":{"name":"adopt","decl":{"start":{"line":3,"column":4},"end":{"line":3,"column":112}},"loc":{"start":{"line":3,"column":4},"end":{"line":3,"column":112}},"line":3},"2":{"name":"fulfilled","decl":{"start":{"line":5,"column":8},"end":{"line":5,"column":99}},"loc":{"start":{"line":5,"column":8},"end":{"line":5,"column":99}},"line":5},"3":{"name":"rejected","decl":{"start":{"line":6,"column":8},"end":{"line":6,"column":102}},"loc":{"start":{"line":6,"column":8},"end":{"line":6,"column":102}},"line":6},"4":{"name":"step","decl":{"start":{"line":7,"column":8},"end":{"line":7,"column":118}},"loc":{"start":{"line":7,"column":8},"end":{"line":7,"column":118}},"line":7},"5":{"name":"EventService","decl":{"start":{"line":15,"column":4},"end":{"line":16,"column":56}},"loc":{"start":{"line":15,"column":4},"end":{"line":16,"column":56}},"line":15},"6":{"name":"validateEventStructure","decl":{"start":{"line":19,"column":4},"end":{"line":21,"column":5}},"loc":{"start":{"line":19,"column":4},"end":{"line":21,"column":5}},"line":19},"7":{"name":"saveToDatabase","decl":{"start":{"line":23,"column":4},"end":{"line":33,"column":5}},"loc":{"start":{"line":23,"column":4},"end":{"line":33,"column":5}},"line":23},"8":{"name":"handleDocumentUploadEvent","decl":{"start":{"line":35,"column":4},"end":{"line":41,"column":5}},"loc":{"start":{"line":35,"column":4},"end":{"line":41,"column":5}},"line":35},"9":{"name":"processEvent","decl":{"start":{"line":43,"column":4},"end":{"line":56,"column":5}},"loc":{"start":{"line":43,"column":4},"end":{"line":56,"column":5}},"line":43}},"f":{"0":6,"1":3,"2":0,"3":3,"4":3,"5":4,"6":4,"7":1,"8":1,"9":4}}
}
