TN:
SF:out/src/eventService.js
FN:2,Object.<anonymous>.__awaiter
FN:3,adopt
FN:5,fulfilled
FN:6,rejected
FN:7,step
FN:15,EventService
FN:19,validateEventStructure
FN:23,saveToDatabase
FN:35,handleDocumentUploadEvent
FN:43,processEvent
FNF:10
FNH:9
FNDA:6,Object.<anonymous>.__awaiter
FNDA:3,adopt
FNDA:0,fulfilled
FNDA:3,rejected
FNDA:3,step
FNDA:4,EventService
FNDA:4,validateEventStructure
FNDA:1,saveToDatabase
FNDA:1,handleDocumentUploadEvent
FNDA:4,processEvent
DA:1,1
DA:2,1
DA:3,6
DA:4,6
DA:5,6
DA:6,6
DA:7,6
DA:8,6
DA:9,6
DA:10,6
DA:11,1
DA:12,1
DA:13,1
DA:14,1
DA:15,1
DA:16,4
DA:17,1
DA:18,1
DA:19,1
DA:20,4
DA:21,4
DA:22,1
DA:23,1
DA:24,1
DA:25,1
DA:26,1
DA:27,0
DA:28,1
DA:29,1
DA:30,1
DA:31,1
DA:32,1
DA:33,1
DA:34,1
DA:35,1
DA:36,1
DA:37,1
DA:38,1
DA:39,0
DA:40,1
DA:41,1
DA:42,1
DA:43,1
DA:44,4
DA:45,4
DA:46,1
DA:47,1
DA:48,3
DA:49,4
DA:50,1
DA:51,4
DA:52,4
DA:53,2
DA:54,4
DA:55,4
DA:56,4
DA:57,1
DA:58,1
LF:58
LH:56
BRDA:2,0,0,6
BRDA:3,1,0,3
BRDA:3,2,0,2
BRDA:3,3,0,1
BRDA:3,4,0,1
BRDA:4,5,0,6
BRDA:6,6,0,3
BRDA:7,7,0,3
BRDA:7,8,0,0
BRDA:15,9,0,4
BRDA:19,10,0,4
BRDA:20,11,0,3
BRDA:20,12,0,3
BRDA:23,13,0,1
BRDA:24,14,0,1
BRDA:26,15,0,0
BRDA:35,16,0,1
BRDA:36,17,0,1
BRDA:38,18,0,0
BRDA:43,19,0,4
BRDA:44,20,0,4
BRDA:45,21,0,1
BRDA:47,22,0,3
BRDA:49,23,0,1
BRDA:52,24,0,2
BRF:25
BRH:22
end_of_record
